{"/Users/joe/dev/bloglist-frontend/src/App.jsx": {"path":"/Users/joe/dev/bloglist-frontend/src/App.jsx","all":true,"statementMap":{"0":{"start":{"line":1,"column":0},"end":{"line":1,"column":51}},"1":{"start":{"line":2,"column":0},"end":{"line":2,"column":36}},"2":{"start":{"line":3,"column":0},"end":{"line":3,"column":44}},"3":{"start":{"line":4,"column":0},"end":{"line":4,"column":42}},"4":{"start":{"line":5,"column":0},"end":{"line":5,"column":43}},"5":{"start":{"line":6,"column":0},"end":{"line":6,"column":45}},"7":{"start":{"line":8,"column":0},"end":{"line":8,"column":46}},"8":{"start":{"line":9,"column":0},"end":{"line":9,"column":15}},"9":{"start":{"line":10,"column":0},"end":{"line":10,"column":15}},"11":{"start":{"line":12,"column":0},"end":{"line":12,"column":29}},"12":{"start":{"line":13,"column":0},"end":{"line":13,"column":33}},"13":{"start":{"line":14,"column":0},"end":{"line":14,"column":20}},"14":{"start":{"line":15,"column":0},"end":{"line":15,"column":25}},"15":{"start":{"line":16,"column":0},"end":{"line":16,"column":30}},"16":{"start":{"line":17,"column":0},"end":{"line":17,"column":3}},"18":{"start":{"line":19,"column":0},"end":{"line":19,"column":10}},"19":{"start":{"line":20,"column":0},"end":{"line":20,"column":35}},"20":{"start":{"line":21,"column":0},"end":{"line":21,"column":15}},"21":{"start":{"line":22,"column":0},"end":{"line":22,"column":10}},"23":{"start":{"line":24,"column":0},"end":{"line":24,"column":1}},"25":{"start":{"line":26,"column":0},"end":{"line":26,"column":19}},"26":{"start":{"line":27,"column":0},"end":{"line":27,"column":40}},"27":{"start":{"line":28,"column":0},"end":{"line":28,"column":46}},"28":{"start":{"line":29,"column":0},"end":{"line":29,"column":46}},"29":{"start":{"line":30,"column":0},"end":{"line":30,"column":40}},"30":{"start":{"line":31,"column":0},"end":{"line":31,"column":68}},"31":{"start":{"line":32,"column":0},"end":{"line":32,"column":64}},"33":{"start":{"line":34,"column":0},"end":{"line":34,"column":30}},"35":{"start":{"line":36,"column":0},"end":{"line":36,"column":19}},"36":{"start":{"line":37,"column":0},"end":{"line":37,"column":35}},"37":{"start":{"line":38,"column":0},"end":{"line":38,"column":45}},"38":{"start":{"line":39,"column":0},"end":{"line":39,"column":70}},"39":{"start":{"line":40,"column":0},"end":{"line":40,"column":33}},"40":{"start":{"line":41,"column":0},"end":{"line":41,"column":5}},"41":{"start":{"line":42,"column":0},"end":{"line":42,"column":15}},"42":{"start":{"line":43,"column":0},"end":{"line":43,"column":8}},"44":{"start":{"line":45,"column":0},"end":{"line":45,"column":19}},"45":{"start":{"line":46,"column":0},"end":{"line":46,"column":78}},"46":{"start":{"line":47,"column":0},"end":{"line":47,"column":28}},"47":{"start":{"line":48,"column":0},"end":{"line":48,"column":48}},"48":{"start":{"line":49,"column":0},"end":{"line":49,"column":19}},"49":{"start":{"line":50,"column":0},"end":{"line":50,"column":38}},"50":{"start":{"line":51,"column":0},"end":{"line":51,"column":5}},"51":{"start":{"line":52,"column":0},"end":{"line":52,"column":8}},"53":{"start":{"line":54,"column":0},"end":{"line":54,"column":57}},"54":{"start":{"line":55,"column":0},"end":{"line":55,"column":35}},"55":{"start":{"line":56,"column":0},"end":{"line":56,"column":31}},"56":{"start":{"line":57,"column":0},"end":{"line":57,"column":19}},"57":{"start":{"line":58,"column":0},"end":{"line":58,"column":24}},"58":{"start":{"line":59,"column":0},"end":{"line":59,"column":34}},"59":{"start":{"line":60,"column":0},"end":{"line":60,"column":14}},"60":{"start":{"line":61,"column":0},"end":{"line":61,"column":5}},"61":{"start":{"line":62,"column":0},"end":{"line":62,"column":3}},"63":{"start":{"line":64,"column":0},"end":{"line":64,"column":40}},"64":{"start":{"line":65,"column":0},"end":{"line":65,"column":26}},"65":{"start":{"line":66,"column":0},"end":{"line":66,"column":30}},"66":{"start":{"line":67,"column":0},"end":{"line":67,"column":9}},"67":{"start":{"line":68,"column":0},"end":{"line":68,"column":45}},"68":{"start":{"line":69,"column":0},"end":{"line":69,"column":26}},"69":{"start":{"line":70,"column":0},"end":{"line":70,"column":8}},"70":{"start":{"line":71,"column":0},"end":{"line":71,"column":31}},"71":{"start":{"line":72,"column":0},"end":{"line":72,"column":76}},"72":{"start":{"line":73,"column":0},"end":{"line":73,"column":19}},"73":{"start":{"line":74,"column":0},"end":{"line":74,"column":38}},"74":{"start":{"line":75,"column":0},"end":{"line":75,"column":21}},"75":{"start":{"line":76,"column":0},"end":{"line":76,"column":21}},"76":{"start":{"line":77,"column":0},"end":{"line":77,"column":25}},"77":{"start":{"line":78,"column":0},"end":{"line":78,"column":65}},"78":{"start":{"line":79,"column":0},"end":{"line":79,"column":43}},"79":{"start":{"line":80,"column":0},"end":{"line":80,"column":5}},"80":{"start":{"line":81,"column":0},"end":{"line":81,"column":3}},"82":{"start":{"line":83,"column":0},"end":{"line":83,"column":36}},"83":{"start":{"line":84,"column":0},"end":{"line":84,"column":55}},"84":{"start":{"line":85,"column":0},"end":{"line":85,"column":17}},"85":{"start":{"line":86,"column":0},"end":{"line":86,"column":30}},"86":{"start":{"line":87,"column":0},"end":{"line":87,"column":3}},"88":{"start":{"line":89,"column":0},"end":{"line":89,"column":44}},"89":{"start":{"line":90,"column":0},"end":{"line":90,"column":72}},"90":{"start":{"line":91,"column":0},"end":{"line":91,"column":11}},"91":{"start":{"line":92,"column":0},"end":{"line":92,"column":41}},"92":{"start":{"line":93,"column":0},"end":{"line":93,"column":53}},"93":{"start":{"line":94,"column":0},"end":{"line":94,"column":23}},"94":{"start":{"line":95,"column":0},"end":{"line":95,"column":57}},"95":{"start":{"line":96,"column":0},"end":{"line":96,"column":7}},"96":{"start":{"line":97,"column":0},"end":{"line":97,"column":5}},"97":{"start":{"line":98,"column":0},"end":{"line":98,"column":3}},"99":{"start":{"line":100,"column":0},"end":{"line":100,"column":47}},"100":{"start":{"line":101,"column":0},"end":{"line":101,"column":39}},"102":{"start":{"line":103,"column":0},"end":{"line":103,"column":53}},"103":{"start":{"line":104,"column":0},"end":{"line":104,"column":35}},"104":{"start":{"line":105,"column":0},"end":{"line":105,"column":96}},"105":{"start":{"line":106,"column":0},"end":{"line":106,"column":3}},"107":{"start":{"line":108,"column":0},"end":{"line":108,"column":22}},"108":{"start":{"line":109,"column":0},"end":{"line":109,"column":12}},"109":{"start":{"line":110,"column":0},"end":{"line":110,"column":11}},"110":{"start":{"line":111,"column":0},"end":{"line":111,"column":38}},"111":{"start":{"line":112,"column":0},"end":{"line":112,"column":80}},"112":{"start":{"line":113,"column":0},"end":{"line":113,"column":37}},"113":{"start":{"line":114,"column":0},"end":{"line":114,"column":24}},"114":{"start":{"line":115,"column":0},"end":{"line":115,"column":18}},"115":{"start":{"line":116,"column":0},"end":{"line":116,"column":25}},"116":{"start":{"line":117,"column":0},"end":{"line":117,"column":30}},"117":{"start":{"line":118,"column":0},"end":{"line":118,"column":29}},"118":{"start":{"line":119,"column":0},"end":{"line":119,"column":70}},"119":{"start":{"line":120,"column":0},"end":{"line":120,"column":14}},"120":{"start":{"line":121,"column":0},"end":{"line":121,"column":16}},"121":{"start":{"line":122,"column":0},"end":{"line":122,"column":24}},"122":{"start":{"line":123,"column":0},"end":{"line":123,"column":18}},"123":{"start":{"line":124,"column":0},"end":{"line":124,"column":29}},"124":{"start":{"line":125,"column":0},"end":{"line":125,"column":30}},"125":{"start":{"line":126,"column":0},"end":{"line":126,"column":29}},"126":{"start":{"line":127,"column":0},"end":{"line":127,"column":70}},"127":{"start":{"line":128,"column":0},"end":{"line":128,"column":14}},"128":{"start":{"line":129,"column":0},"end":{"line":129,"column":16}},"129":{"start":{"line":130,"column":0},"end":{"line":130,"column":46}},"130":{"start":{"line":131,"column":0},"end":{"line":131,"column":15}},"131":{"start":{"line":132,"column":0},"end":{"line":132,"column":13}},"133":{"start":{"line":134,"column":0},"end":{"line":134,"column":3}},"135":{"start":{"line":136,"column":0},"end":{"line":136,"column":10}},"136":{"start":{"line":137,"column":0},"end":{"line":137,"column":9}},"137":{"start":{"line":138,"column":0},"end":{"line":138,"column":20}},"138":{"start":{"line":139,"column":0},"end":{"line":139,"column":78}},"139":{"start":{"line":140,"column":0},"end":{"line":140,"column":80}},"141":{"start":{"line":142,"column":0},"end":{"line":142,"column":58}},"142":{"start":{"line":143,"column":0},"end":{"line":143,"column":56}},"143":{"start":{"line":144,"column":0},"end":{"line":144,"column":18}},"145":{"start":{"line":146,"column":0},"end":{"line":146,"column":26}},"146":{"start":{"line":147,"column":0},"end":{"line":147,"column":31}},"147":{"start":{"line":148,"column":0},"end":{"line":148,"column":77}},"148":{"start":{"line":149,"column":0},"end":{"line":149,"column":114}},"149":{"start":{"line":150,"column":0},"end":{"line":150,"column":9}},"150":{"start":{"line":151,"column":0},"end":{"line":151,"column":10}},"152":{"start":{"line":153,"column":0},"end":{"line":153,"column":1}},"154":{"start":{"line":155,"column":0},"end":{"line":155,"column":18}}},"s":{"0":0,"1":0,"2":0,"3":0,"4":0,"5":0,"7":0,"8":0,"9":0,"11":0,"12":0,"13":0,"14":0,"15":0,"16":0,"18":0,"19":0,"20":0,"21":0,"23":0,"25":0,"26":0,"27":0,"28":0,"29":0,"30":0,"31":0,"33":0,"35":0,"36":0,"37":0,"38":0,"39":0,"40":0,"41":0,"42":0,"44":0,"45":0,"46":0,"47":0,"48":0,"49":0,"50":0,"51":0,"53":0,"54":0,"55":0,"56":0,"57":0,"58":0,"59":0,"60":0,"61":0,"63":0,"64":0,"65":0,"66":0,"67":0,"68":0,"69":0,"70":0,"71":0,"72":0,"73":0,"74":0,"75":0,"76":0,"77":0,"78":0,"79":0,"80":0,"82":0,"83":0,"84":0,"85":0,"86":0,"88":0,"89":0,"90":0,"91":0,"92":0,"93":0,"94":0,"95":0,"96":0,"97":0,"99":0,"100":0,"102":0,"103":0,"104":0,"105":0,"107":0,"108":0,"109":0,"110":0,"111":0,"112":0,"113":0,"114":0,"115":0,"116":0,"117":0,"118":0,"119":0,"120":0,"121":0,"122":0,"123":0,"124":0,"125":0,"126":0,"127":0,"128":0,"129":0,"130":0,"131":0,"133":0,"135":0,"136":0,"137":0,"138":0,"139":0,"141":0,"142":0,"143":0,"145":0,"146":0,"147":0,"148":0,"149":0,"150":0,"152":0,"154":0},"branchMap":{"0":{"type":"branch","line":1,"loc":{"start":{"line":1,"column":510},"end":{"line":155,"column":-1328}},"locations":[{"start":{"line":1,"column":510},"end":{"line":155,"column":-1328}}]}},"b":{"0":[0]},"fnMap":{"0":{"name":"(empty-report)","decl":{"start":{"line":1,"column":510},"end":{"line":155,"column":-1328}},"loc":{"start":{"line":1,"column":510},"end":{"line":155,"column":-1328}},"line":1}},"f":{"0":0}}
,"/Users/joe/dev/bloglist-frontend/src/main.jsx": {"path":"/Users/joe/dev/bloglist-frontend/src/main.jsx","all":true,"statementMap":{"0":{"start":{"line":1,"column":0},"end":{"line":1,"column":39}},"1":{"start":{"line":2,"column":0},"end":{"line":2,"column":23}},"3":{"start":{"line":4,"column":0},"end":{"line":4,"column":68}}},"s":{"0":0,"1":0,"3":0},"branchMap":{"0":{"type":"branch","line":1,"loc":{"start":{"line":1,"column":125},"end":{"line":4,"column":-26}},"locations":[{"start":{"line":1,"column":125},"end":{"line":4,"column":-26}}]}},"b":{"0":[0]},"fnMap":{"0":{"name":"(empty-report)","decl":{"start":{"line":1,"column":125},"end":{"line":4,"column":-26}},"loc":{"start":{"line":1,"column":125},"end":{"line":4,"column":-26}},"line":1}},"f":{"0":0}}
,"/Users/joe/dev/bloglist-frontend/src/components/Blog.jsx": {"path":"/Users/joe/dev/bloglist-frontend/src/components/Blog.jsx","all":false,"statementMap":{"0":{"start":{"line":1,"column":0},"end":{"line":1,"column":32}},"1":{"start":{"line":2,"column":0},"end":{"line":2,"column":43}},"2":{"start":{"line":3,"column":0},"end":{"line":3,"column":34}},"4":{"start":{"line":5,"column":0},"end":{"line":5,"column":64}},"5":{"start":{"line":6,"column":0},"end":{"line":6,"column":21}},"6":{"start":{"line":7,"column":0},"end":{"line":7,"column":19}},"7":{"start":{"line":8,"column":0},"end":{"line":8,"column":19}},"8":{"start":{"line":9,"column":0},"end":{"line":9,"column":20}},"9":{"start":{"line":10,"column":0},"end":{"line":10,"column":19}},"10":{"start":{"line":11,"column":0},"end":{"line":11,"column":19}},"11":{"start":{"line":12,"column":0},"end":{"line":12,"column":3}},"13":{"start":{"line":14,"column":0},"end":{"line":14,"column":29}},"14":{"start":{"line":15,"column":0},"end":{"line":15,"column":19}},"15":{"start":{"line":16,"column":0},"end":{"line":16,"column":28}},"16":{"start":{"line":17,"column":0},"end":{"line":17,"column":43}},"17":{"start":{"line":18,"column":0},"end":{"line":18,"column":3}},"19":{"start":{"line":20,"column":0},"end":{"line":20,"column":53}},"20":{"start":{"line":21,"column":0},"end":{"line":21,"column":48}},"22":{"start":{"line":23,"column":0},"end":{"line":23,"column":34}},"23":{"start":{"line":24,"column":0},"end":{"line":24,"column":21}},"24":{"start":{"line":25,"column":0},"end":{"line":25,"column":57}},"25":{"start":{"line":26,"column":0},"end":{"line":26,"column":9}},"26":{"start":{"line":27,"column":0},"end":{"line":27,"column":59}},"27":{"start":{"line":28,"column":0},"end":{"line":28,"column":37}},"28":{"start":{"line":29,"column":0},"end":{"line":29,"column":29}},"29":{"start":{"line":30,"column":0},"end":{"line":30,"column":21}},"30":{"start":{"line":31,"column":0},"end":{"line":31,"column":44}},"31":{"start":{"line":32,"column":0},"end":{"line":32,"column":5}},"32":{"start":{"line":33,"column":0},"end":{"line":33,"column":3}},"34":{"start":{"line":35,"column":0},"end":{"line":35,"column":10}},"35":{"start":{"line":36,"column":0},"end":{"line":36,"column":9}},"36":{"start":{"line":37,"column":0},"end":{"line":37,"column":29}},"37":{"start":{"line":38,"column":0},"end":{"line":38,"column":103}},"39":{"start":{"line":40,"column":0},"end":{"line":40,"column":12}},"40":{"start":{"line":41,"column":0},"end":{"line":41,"column":20}},"41":{"start":{"line":42,"column":0},"end":{"line":42,"column":31}},"42":{"start":{"line":43,"column":0},"end":{"line":43,"column":33}},"43":{"start":{"line":44,"column":0},"end":{"line":44,"column":31}},"44":{"start":{"line":45,"column":0},"end":{"line":45,"column":77}},"45":{"start":{"line":46,"column":0},"end":{"line":46,"column":34}},"46":{"start":{"line":47,"column":0},"end":{"line":47,"column":98}},"47":{"start":{"line":48,"column":0},"end":{"line":48,"column":14}},"49":{"start":{"line":50,"column":0},"end":{"line":50,"column":10}},"51":{"start":{"line":52,"column":0},"end":{"line":52,"column":1}},"53":{"start":{"line":54,"column":0},"end":{"line":54,"column":18}},"54":{"start":{"line":55,"column":0},"end":{"line":55,"column":36}},"55":{"start":{"line":56,"column":0},"end":{"line":56,"column":46}},"56":{"start":{"line":57,"column":0},"end":{"line":57,"column":45}},"57":{"start":{"line":58,"column":0},"end":{"line":58,"column":1}},"59":{"start":{"line":60,"column":0},"end":{"line":60,"column":19}}},"s":{"0":1,"1":1,"2":1,"4":1,"5":5,"6":5,"7":5,"8":5,"9":5,"10":5,"11":5,"13":5,"14":5,"15":5,"16":5,"17":5,"19":5,"20":5,"22":5,"23":0,"24":0,"25":0,"26":0,"27":0,"28":0,"29":0,"30":0,"31":0,"32":0,"34":5,"35":5,"36":5,"37":5,"39":5,"40":5,"41":2,"42":2,"43":2,"44":2,"45":2,"46":2,"47":2,"49":5,"51":5,"53":1,"54":1,"55":1,"56":1,"57":1,"59":1},"branchMap":{"0":{"type":"branch","line":5,"loc":{"start":{"line":5,"column":13},"end":{"line":52,"column":1}},"locations":[{"start":{"line":5,"column":13},"end":{"line":52,"column":1}}]},"1":{"type":"branch","line":17,"loc":{"start":{"line":17,"column":13},"end":{"line":17,"column":37}},"locations":[{"start":{"line":17,"column":13},"end":{"line":17,"column":37}}]},"2":{"type":"branch","line":17,"loc":{"start":{"line":17,"column":32},"end":{"line":17,"column":43}},"locations":[{"start":{"line":17,"column":32},"end":{"line":17,"column":43}}]},"3":{"type":"branch","line":41,"loc":{"start":{"line":41,"column":7},"end":{"line":48,"column":14}},"locations":[{"start":{"line":41,"column":7},"end":{"line":48,"column":14}}]},"4":{"type":"branch","line":38,"loc":{"start":{"line":38,"column":52},"end":{"line":38,"column":90}},"locations":[{"start":{"line":38,"column":52},"end":{"line":38,"column":90}}]},"5":{"type":"branch","line":47,"loc":{"start":{"line":47,"column":53},"end":{"line":47,"column":83}},"locations":[{"start":{"line":47,"column":53},"end":{"line":47,"column":83}}]}},"b":{"0":[5],"1":[2],"2":[3],"3":[2],"4":[2],"5":[1]},"fnMap":{"0":{"name":"Blog","decl":{"start":{"line":5,"column":13},"end":{"line":52,"column":1}},"loc":{"start":{"line":5,"column":13},"end":{"line":52,"column":1}},"line":5},"1":{"name":"handleLike","decl":{"start":{"line":23,"column":21},"end":{"line":33,"column":3}},"loc":{"start":{"line":23,"column":21},"end":{"line":33,"column":3}},"line":23},"2":{"name":"onClick","decl":{"start":{"line":38,"column":52},"end":{"line":38,"column":90}},"loc":{"start":{"line":38,"column":52},"end":{"line":38,"column":90}},"line":38},"3":{"name":"onClick","decl":{"start":{"line":47,"column":53},"end":{"line":47,"column":83}},"loc":{"start":{"line":47,"column":53},"end":{"line":47,"column":83}},"line":47}},"f":{"0":5,"1":0,"2":2,"3":1}}
,"/Users/joe/dev/bloglist-frontend/src/components/BlogForm.jsx": {"path":"/Users/joe/dev/bloglist-frontend/src/components/BlogForm.jsx","all":false,"statementMap":{"0":{"start":{"line":1,"column":0},"end":{"line":1,"column":32}},"2":{"start":{"line":3,"column":0},"end":{"line":3,"column":44}},"3":{"start":{"line":4,"column":0},"end":{"line":4,"column":40}},"4":{"start":{"line":5,"column":0},"end":{"line":5,"column":42}},"5":{"start":{"line":6,"column":0},"end":{"line":6,"column":36}},"7":{"start":{"line":8,"column":0},"end":{"line":8,"column":39}},"8":{"start":{"line":9,"column":0},"end":{"line":9,"column":26}},"9":{"start":{"line":10,"column":0},"end":{"line":10,"column":44}},"10":{"start":{"line":11,"column":0},"end":{"line":11,"column":16}},"11":{"start":{"line":12,"column":0},"end":{"line":12,"column":17}},"12":{"start":{"line":13,"column":0},"end":{"line":13,"column":14}},"13":{"start":{"line":14,"column":0},"end":{"line":14,"column":3}},"15":{"start":{"line":16,"column":0},"end":{"line":16,"column":10}},"16":{"start":{"line":17,"column":0},"end":{"line":17,"column":38}},"17":{"start":{"line":18,"column":0},"end":{"line":18,"column":25}},"18":{"start":{"line":19,"column":0},"end":{"line":19,"column":98}},"19":{"start":{"line":20,"column":0},"end":{"line":20,"column":101}},"20":{"start":{"line":21,"column":0},"end":{"line":21,"column":92}},"21":{"start":{"line":22,"column":0},"end":{"line":22,"column":43}},"22":{"start":{"line":23,"column":0},"end":{"line":23,"column":11}},"24":{"start":{"line":25,"column":0},"end":{"line":25,"column":1}},"26":{"start":{"line":27,"column":0},"end":{"line":27,"column":23}}},"s":{"0":1,"2":1,"3":40,"4":40,"5":40,"7":40,"8":1,"9":1,"10":1,"11":1,"12":1,"13":1,"15":40,"16":40,"17":40,"18":40,"19":40,"20":40,"21":40,"22":40,"24":40,"26":1},"branchMap":{"0":{"type":"branch","line":3,"loc":{"start":{"line":3,"column":17},"end":{"line":25,"column":1}},"locations":[{"start":{"line":3,"column":17},"end":{"line":25,"column":1}}]},"1":{"type":"branch","line":8,"loc":{"start":{"line":8,"column":27},"end":{"line":14,"column":3}},"locations":[{"start":{"line":8,"column":27},"end":{"line":14,"column":3}}]},"2":{"type":"branch","line":19,"loc":{"start":{"line":19,"column":44},"end":{"line":19,"column":84}},"locations":[{"start":{"line":19,"column":44},"end":{"line":19,"column":84}}]},"3":{"type":"branch","line":20,"loc":{"start":{"line":20,"column":46},"end":{"line":20,"column":87}},"locations":[{"start":{"line":20,"column":46},"end":{"line":20,"column":87}}]},"4":{"type":"branch","line":21,"loc":{"start":{"line":21,"column":40},"end":{"line":21,"column":78}},"locations":[{"start":{"line":21,"column":40},"end":{"line":21,"column":78}}]}},"b":{"0":[40],"1":[1],"2":[13],"3":[14],"4":[11]},"fnMap":{"0":{"name":"BlogForm","decl":{"start":{"line":3,"column":17},"end":{"line":25,"column":1}},"loc":{"start":{"line":3,"column":17},"end":{"line":25,"column":1}},"line":3},"1":{"name":"handleCreateBlog","decl":{"start":{"line":8,"column":27},"end":{"line":14,"column":3}},"loc":{"start":{"line":8,"column":27},"end":{"line":14,"column":3}},"line":8},"2":{"name":"onChange","decl":{"start":{"line":19,"column":44},"end":{"line":19,"column":84}},"loc":{"start":{"line":19,"column":44},"end":{"line":19,"column":84}},"line":19},"3":{"name":"onChange","decl":{"start":{"line":20,"column":46},"end":{"line":20,"column":87}},"loc":{"start":{"line":20,"column":46},"end":{"line":20,"column":87}},"line":20},"4":{"name":"onChange","decl":{"start":{"line":21,"column":40},"end":{"line":21,"column":78}},"loc":{"start":{"line":21,"column":40},"end":{"line":21,"column":78}},"line":21}},"f":{"0":40,"1":1,"2":13,"3":14,"4":11}}
,"/Users/joe/dev/bloglist-frontend/src/components/Toggable.jsx": {"path":"/Users/joe/dev/bloglist-frontend/src/components/Toggable.jsx","all":true,"statementMap":{"0":{"start":{"line":1,"column":0},"end":{"line":1,"column":65}},"2":{"start":{"line":3,"column":0},"end":{"line":3,"column":47}},"3":{"start":{"line":4,"column":0},"end":{"line":4,"column":57}},"5":{"start":{"line":6,"column":0},"end":{"line":6,"column":31}},"6":{"start":{"line":7,"column":0},"end":{"line":7,"column":34}},"7":{"start":{"line":8,"column":0},"end":{"line":8,"column":3}},"9":{"start":{"line":10,"column":0},"end":{"line":10,"column":65}},"10":{"start":{"line":11,"column":0},"end":{"line":11,"column":65}},"12":{"start":{"line":13,"column":0},"end":{"line":13,"column":35}},"13":{"start":{"line":14,"column":0},"end":{"line":14,"column":12}},"14":{"start":{"line":15,"column":0},"end":{"line":15,"column":19}},"15":{"start":{"line":16,"column":0},"end":{"line":16,"column":5}},"16":{"start":{"line":17,"column":0},"end":{"line":17,"column":4}},"18":{"start":{"line":19,"column":0},"end":{"line":19,"column":10}},"19":{"start":{"line":20,"column":0},"end":{"line":20,"column":6}},"20":{"start":{"line":21,"column":0},"end":{"line":21,"column":35}},"21":{"start":{"line":22,"column":0},"end":{"line":22,"column":68}},"22":{"start":{"line":23,"column":0},"end":{"line":23,"column":12}},"23":{"start":{"line":24,"column":0},"end":{"line":24,"column":35}},"24":{"start":{"line":25,"column":0},"end":{"line":25,"column":24}},"25":{"start":{"line":26,"column":0},"end":{"line":26,"column":55}},"26":{"start":{"line":27,"column":0},"end":{"line":27,"column":12}},"27":{"start":{"line":28,"column":0},"end":{"line":28,"column":7}},"29":{"start":{"line":30,"column":0},"end":{"line":30,"column":2}},"31":{"start":{"line":32,"column":0},"end":{"line":32,"column":35}},"32":{"start":{"line":33,"column":0},"end":{"line":33,"column":24}}},"s":{"0":0,"2":0,"3":0,"5":0,"6":0,"7":0,"9":0,"10":0,"12":0,"13":0,"14":0,"15":0,"16":0,"18":0,"19":0,"20":0,"21":0,"22":0,"23":0,"24":0,"25":0,"26":0,"27":0,"29":0,"31":0,"32":0},"branchMap":{"0":{"type":"branch","line":1,"loc":{"start":{"line":1,"column":475},"end":{"line":33,"column":-301}},"locations":[{"start":{"line":1,"column":475},"end":{"line":33,"column":-301}}]}},"b":{"0":[0]},"fnMap":{"0":{"name":"(empty-report)","decl":{"start":{"line":1,"column":475},"end":{"line":33,"column":-301}},"loc":{"start":{"line":1,"column":475},"end":{"line":33,"column":-301}},"line":1}},"f":{"0":0}}
,"/Users/joe/dev/bloglist-frontend/src/services/blogs.js": {"path":"/Users/joe/dev/bloglist-frontend/src/services/blogs.js","all":false,"statementMap":{"0":{"start":{"line":1,"column":0},"end":{"line":1,"column":48}},"1":{"start":{"line":2,"column":0},"end":{"line":2,"column":28}},"3":{"start":{"line":4,"column":0},"end":{"line":4,"column":25}},"5":{"start":{"line":6,"column":0},"end":{"line":6,"column":27}},"6":{"start":{"line":7,"column":0},"end":{"line":7,"column":36}},"7":{"start":{"line":8,"column":0},"end":{"line":8,"column":1}},"9":{"start":{"line":10,"column":0},"end":{"line":10,"column":22}},"10":{"start":{"line":11,"column":0},"end":{"line":11,"column":36}},"11":{"start":{"line":12,"column":0},"end":{"line":12,"column":48}},"12":{"start":{"line":13,"column":0},"end":{"line":13,"column":1}},"14":{"start":{"line":15,"column":0},"end":{"line":15,"column":50}},"15":{"start":{"line":16,"column":0},"end":{"line":16,"column":18}},"16":{"start":{"line":17,"column":0},"end":{"line":17,"column":46}},"17":{"start":{"line":18,"column":0},"end":{"line":18,"column":3}},"18":{"start":{"line":19,"column":0},"end":{"line":19,"column":76}},"19":{"start":{"line":20,"column":0},"end":{"line":20,"column":22}},"20":{"start":{"line":21,"column":0},"end":{"line":21,"column":1}},"22":{"start":{"line":23,"column":0},"end":{"line":23,"column":35}},"23":{"start":{"line":24,"column":0},"end":{"line":24,"column":23}},"24":{"start":{"line":25,"column":0},"end":{"line":25,"column":38}},"25":{"start":{"line":26,"column":0},"end":{"line":26,"column":63}},"26":{"start":{"line":27,"column":0},"end":{"line":27,"column":22}},"27":{"start":{"line":28,"column":0},"end":{"line":28,"column":1}},"29":{"start":{"line":30,"column":0},"end":{"line":30,"column":30}},"30":{"start":{"line":31,"column":0},"end":{"line":31,"column":57}},"31":{"start":{"line":32,"column":0},"end":{"line":32,"column":1}},"33":{"start":{"line":34,"column":0},"end":{"line":34,"column":59}}},"s":{"0":1,"1":1,"3":1,"5":1,"6":0,"7":0,"9":1,"10":0,"11":0,"12":0,"14":1,"15":0,"16":0,"17":0,"18":0,"19":0,"20":0,"22":1,"23":0,"24":0,"25":0,"26":0,"27":0,"29":1,"30":0,"31":0,"33":1},"branchMap":{},"b":{},"fnMap":{"0":{"name":"setToken","decl":{"start":{"line":6,"column":17},"end":{"line":8,"column":1}},"loc":{"start":{"line":6,"column":17},"end":{"line":8,"column":1}},"line":6},"1":{"name":"getAll","decl":{"start":{"line":10,"column":15},"end":{"line":13,"column":1}},"loc":{"start":{"line":10,"column":15},"end":{"line":13,"column":1}},"line":10},"2":{"name":"create","decl":{"start":{"line":15,"column":15},"end":{"line":21,"column":1}},"loc":{"start":{"line":15,"column":15},"end":{"line":21,"column":1}},"line":15},"3":{"name":"update","decl":{"start":{"line":23,"column":15},"end":{"line":28,"column":1}},"loc":{"start":{"line":23,"column":15},"end":{"line":28,"column":1}},"line":23},"4":{"name":"remove","decl":{"start":{"line":30,"column":15},"end":{"line":32,"column":1}},"loc":{"start":{"line":30,"column":15},"end":{"line":32,"column":1}},"line":30}},"f":{"0":0,"1":0,"2":0,"3":0,"4":0}}
,"/Users/joe/dev/bloglist-frontend/src/services/login.js": {"path":"/Users/joe/dev/bloglist-frontend/src/services/login.js","all":true,"statementMap":{"0":{"start":{"line":1,"column":0},"end":{"line":1,"column":25}},"1":{"start":{"line":2,"column":0},"end":{"line":2,"column":28}},"3":{"start":{"line":4,"column":0},"end":{"line":4,"column":49}},"4":{"start":{"line":5,"column":0},"end":{"line":5,"column":46}},"5":{"start":{"line":6,"column":0},"end":{"line":6,"column":25}},"6":{"start":{"line":7,"column":0},"end":{"line":7,"column":24}},"7":{"start":{"line":8,"column":0},"end":{"line":8,"column":4}},"8":{"start":{"line":9,"column":0},"end":{"line":9,"column":22}},"9":{"start":{"line":10,"column":0},"end":{"line":10,"column":1}},"11":{"start":{"line":12,"column":0},"end":{"line":12,"column":24}}},"s":{"0":0,"1":0,"3":0,"4":0,"5":0,"6":0,"7":0,"8":0,"9":0,"11":0},"branchMap":{"0":{"type":"branch","line":1,"loc":{"start":{"line":1,"column":0},"end":{"line":12,"column":-69}},"locations":[{"start":{"line":1,"column":0},"end":{"line":12,"column":-69}}]}},"b":{"0":[0]},"fnMap":{"0":{"name":"(empty-report)","decl":{"start":{"line":1,"column":0},"end":{"line":12,"column":-69}},"loc":{"start":{"line":1,"column":0},"end":{"line":12,"column":-69}},"line":1}},"f":{"0":0}}
}
